<?xml version="1.0" encoding="UTF-8"?>
<testng-results ignored="0" total="1" passed="1" failed="0" skipped="0">
  <reporter-output>
  </reporter-output>
  <suite started-at="2022-11-18T09:18:49 MST" name="Failed suite [Default suite]" finished-at="2022-11-18T09:19:08 MST" duration-ms="18845">
    <groups>
    </groups>
    <test started-at="2022-11-18T09:18:49 MST" name="Default test(failed)" finished-at="2022-11-18T09:19:08 MST" duration-ms="18845">
      <class name="com.amzon.testcase.Loginpagetest">
        <test-method is-config="true" signature="loadConfig()[pri:0, instance:com.amzon.testcase.Loginpagetest@9f116cc]" started-at="2022-11-18T09:18:49 MST" name="loadConfig" finished-at="2022-11-18T09:18:49 MST" duration-ms="18" status="PASS">
          <reporter-output>
          </reporter-output>
        </test-method> <!-- loadConfig -->
        <test-method is-config="true" signature="setup()[pri:0, instance:com.amzon.testcase.Loginpagetest@9f116cc]" started-at="2022-11-18T09:18:49 MST" name="setup" finished-at="2022-11-18T09:18:57 MST" duration-ms="8031" status="PASS">
          <reporter-output>
          </reporter-output>
        </test-method> <!-- setup -->
        <test-method signature="logintest()[pri:0, instance:com.amzon.testcase.Loginpagetest@9f116cc]" started-at="2022-11-18T09:18:57 MST" name="logintest" finished-at="2022-11-18T09:19:07 MST" duration-ms="10020" status="PASS">
          <reporter-output>
          </reporter-output>
        </test-method> <!-- logintest -->
        <test-method is-config="true" signature="teaddown()[pri:0, instance:com.amzon.testcase.Loginpagetest@9f116cc]" started-at="2022-11-18T09:19:07 MST" name="teaddown" finished-at="2022-11-18T09:19:08 MST" duration-ms="696" status="PASS">
          <reporter-output>
          </reporter-output>
        </test-method> <!-- teaddown -->
      </class> <!-- com.amzon.testcase.Loginpagetest -->
    </test> <!-- Default test(failed) -->
  </suite> <!-- Failed suite [Default suite] -->
</testng-results>
